◇ injected env (4) from .env // tip: ⌘ enable debugging { debug: true }
◇ injected env (0) from .env // tip: ⌘ custom filepath { path: '/custom/path/.env' }
[32minfo[39m:     
   _       ______  ____  ______                            __ 
  | |     / / __ \/ __ \/ ____/___  ____  ____  ___  _____/ /_
  | | /| / / /_/ / /_/ / /   / __ \/ __ \/ __ \/ _ \/ ___/ __/
  | |/ |/ / ____/ ____/ /___/ /_/ / / / / / / /  __/ /__/ /_  
  |__/|__/_/   /_/    \____/\____/_/ /_/_/ /_/\___/\___/\__/
[32minfo[39m:     Checking for updates
[33mwarn[39m:     Failed to check for updates
[32minfo[39m:     [itop-bot:browser] Using browser folder '/home/cmo/sessions/itop-bot'
[32minfo[39m:     [itop-bot:browser] Initializing browser...
[32mhttp[39m:     [itop-bot:browser] checking headless...
[32mhttp[39m:     [itop-bot:browser] headless option is active, browser hidden
[32minfo[39m:     [itop-bot:client] Initializing...
[36mverbose[39m:  [itop-bot:client] Setting WhatsApp WEB version to 2.3000.10305x
[31merror[39m:    [itop-bot:client] Version not available for 2.3000.10305x, using latest as fallback
[36mverbose[39m:  [itop-bot:client] Loading WhatsApp WEB
[36mverbose[39m:  [itop-bot:page] Page loaded
[36mverbose[39m:  [itop-bot:client] Injecting wapi.js
[36mverbose[39m:  [itop-bot:page] Page loaded
[36mverbose[39m:  [itop-bot:client] Injecting wapi.js
[36mverbose[39m:  [itop-bot:client] WhatsApp WEB loaded
[32mhttp[39m:     [itop-bot:client] Waiting page load
[32minfo[39m:     [itop-bot:session] Session Unpaired
[wppconnect] Estado: disconnectedMobile
[36mverbose[39m:  [itop-bot:client] wapi.js injected
[32mhttp[39m:     [itop-bot:client] Connected
[wppconnect] Estado: inChat
[34mdebug[39m:    [itop-bot:client] Exposing onMessage function
[32minfo[39m:     [itop-bot:client] Waiting for QRCode Scan (Attempt 1)...:
▄▄▄▄▄▄▄▄▄▄▄▄▄▄▄▄▄▄▄▄▄▄▄▄▄▄▄▄▄▄▄▄▄▄▄▄▄▄▄▄▄▄▄▄▄▄▄▄▄▄▄▄▄▄▄▄▄▄▄▄▄▄▄
█ ▄▄▄▄▄ █▄  ██▀██ █  █▀▀█▄   █▄ ▀▀██▀█▄██▄ ▄███▀█▀▀█  █ ▄▄▄▄▄ █
█ █   █ █  ▀█ ██▄▀ ▀▀▀▄█▀█▀██▀▄█ ▄█▄ ▀▀ ▀▄▀█▀▄██▀▀  ▄ █ █   █ █
█ █▄▄▄█ █▄████ █▀██▄█ ▀  ██ █ ▄▄▄ ▀▀█▀█ ▄▀▄▀▀▀ █▀   ▄██ █▄▄▄█ █
█▄▄▄▄▄▄▄█▄▀ █▄▀▄▀▄█▄▀ █ ▀ █▄█ █▄█ █▄█ ▀▄█▄█▄█▄█ ▀ ▀ █ █▄▄▄▄▄▄▄█
█▄▄▄▄▀▀▄▀ ▀▀█▄▀█▄▄▀▀ ▀▄  ▀█▄▄▄ ▄ ▄▀███ ▄ ▄ ▀▀▀▄█████▄▄▄▀▀  ▄▀▄█
█▀▄█▄█ ▄▄▄█▄█▀█  ▀ ██▀██▀▄▀█▄▀▄██▄  ▄██▀▄█▄ ███▀  ▀▀█ ▄▄▄█  ███
█ ▄▄██▀▄█▄▄ ▄█▄█ ▄  ▀ ▀███▄███▄▀██ ▄ ▀▀▄██▄▄ █▀▄▀ ▀ ▀█▄▄ █ ▄█▀█
█▀ ███ ▄▀▄▄ █  █▄█▄▀ ▀ ▀█▀▄███▀▄▀▀ ▀ ▄ █▀▀ ▄█ ███▄▀█▄ ▄ ███▄▀██
█▄██▀▄▀▄█▀▄▀▄ █▄▄▀▀█▄▄▄  ▀ ▄▄█▄▀▀█  ▀█▄▄ ▀ ▄▄▄  ▀█ ▄▀ ▀█ ▄█▀▄██
███ ▀▀█▄█▄▄  █ ▀███ █▀ ██▀█▄▀██▄ ▀ ▀▄ ▄   ▀▀▀██▄▀▀  ▀▀ ▄▀█ ▄▄ █
█ █▀  █▄ █▄▀ ██▀▄█▄▀ █▄▄  ▀▀▄▄ ▀▀▀█▀▄█▀█▀▄  ██▄█▀▀█▄▄██▀▀██▄███
█  █ ▀▀▄▀▀█▄▀█ ▀███ ▀▄██▄▀█▄▀  █▀▄▀▀ █▄ ▄ ▀█▀▀▄▀▄▀▄▀▄ ▀   ▀▀█▀█
██▀▄▄█▄▄██▄▄ ▄█▀▀█ █▄▀▀█▄▄▀▀▄▄▀▄█  █▄▄ ▀▀██▄▄█▀█    ▀█▄███▀   █
██▄█ ▀ ▄█   █▄   █████  ▄██▀█   █ ██  █▄▀  ▀█ █  █▀▄▄█▄ ▄ ▄█ ▀█
█ ███ ▄▄▄ ▀▄██▀   █▀▀█▀█▀▄▄ ▀ ▄▄▄  ▀ █ ▄▄▀▀██  ▀█▀▄▄▀ ▄▄▄ █████
█▀▀▄▀ █▄█ ▄█   ██▀█▄ █ █▀█▀▄▀ █▄█ ▀▀█ ▄▀█▀▄ ▀▄▄█  ▀ █ █▄█ ▀▄▄ █
█▀▀▀▀ ▄▄  ▀▄▄█ ██ ▄█▀▄█▄▄▀██  ▄▄  █▄▀▀█▄   ▀▄█ █▄▀ ▄▀▄ ▄ ▄▀▄▄ █
███ ▄▀ ▄▄▄▄▀ ▄█▀▀▄▀▄   ███▄ █  ███▄▀██▀█▄█ ████ ▀█▄█ ██▀▀█▄▀█▀█
█▀█▀▄█ ▄▀▀▄█▄██▄▀▄ ▄▄  ▀█▄██  █▄▀███▄ ▀  █ ▄ ▀▄█▄ ▀  ▀██▄ ▀▄▀ █
█▀▀▄▄▄█▄▄█ ██▄▄▀█▄▀▀ ████▀█ █▄▄█▀▄ ▄██ █ █▀▄▄▀▀█▄███ ▀▄▀█▄█▄▄██
█ ▄▀ ██▄▄▀███▄▄▀ ▀ ██ ▄▀ ▄ █▄█▀███  ████ ▀▀▄▄▄▄▀██▄█▀█▄▄ █   ██
█  ██▀▀▄█ ▀█▀    ▄█▀▀▄███ ▄▀▄▀█▀ ▀▀█▀▄▀█ ▀▀██▄▀▄█ ▀ █▀▄▄▄ ▀▄█▄█
█▄ ▄█▀ ▄█▀▀▀▀ ▀▀▄▄▄▀█▄▄▄ ▀▀▀▀█ ▀▀▀██▄▄  ▀ ▄▀▀██▄ ▀▄▄▀█ ██▄▀ █▀█
█▀▀ ▄▀▀▄█▀██▄▀▀▄  ▄▀▄▄▄▄ █▄██  ▀ ▄█▀▀ ▀▄ █▀▄▀ ▀▄ ▀▄█ ██▀ █▀ ▀██
██▄▀ ▀ ▄█▄ ▄▄▀████▄▄▄ █▄█ ▀█ ▀ ▄▄▀▀██▄▄ ▀█▀▄▄▀▀▄ ▄▀  ▄▄▄▀▀▄▄█ █
█▀▀ ▄ ▄▄▀▀██   █ ▄▄▀ ██ ▀▄  █▀▄▄ █▄ ▀▄█▄▄  ▄▀ █▀▄█▄▄▄▄▄█▄█▄▄▄▀█
█▄▄▄▄██▄█ ██▀█▄▀▀▀██▄▄ ▀▀▄█ █ ▄▄▄ ▀▄▄▀██▀█▀▄▀▄▄ ▀█▄█▀ ▄▄▄ ▄▀▄▄█
█ ▄▄▄▄▄ ██ ▀▄█▄▀█  ▀▄█▄ ▀█▀▀▀ █▄█ ▄█▀▄▀▄ ▀▄███▀ █▄▀ ▄ █▄█  █▄ █
█ █   █ █▀█▄█ ▄█▄█▄ ██▄▄█  █▀  ▄▄▄██▄██▄▄▄▀▀██ ▄▄█▀█▀  ▄  ▄▀█▀█
█ █▄▄▄█ █ ▄▄ █▄█▄ ▀▀ ▄ █▀▀▀▄ █▄▀  ▀▀ █ █▄▀ ▄▄▀▀▄██▄█▄▀▀▄▄▄▀▀▄██
█▄▄▄▄▄▄▄█▄▄█▄█▄▄█▄█▄████▄█▄█▄█▄▄▄█▄▄█▄▄███▄▄██▄▄▄▄▄█▄█▄▄▄█▄▄▄▄█
 {"code":"https://wa.me/settings/linked_devices#2@mR24cRMX6HVY4Bf8ftptRpoaW3YT0G1bkG7Ywm3BfcoGLc5qsekhmZUf5Avz9sP/01XzyuQ5F4ho1RBb3ByVuVFfuGdKVjuY0KM=,iWVrYJT9pWDQbSvSUSXrCDKJes0AYOYGRU6vfPfj+AA=,h1hNmD5qADNmvO955rKLQTLkl3cGaYeJw+2pHy2V4WE=,msMDKDxw3aOC2A1PBgP8PnSyg6SagQ/CmDn1k/S+U/s=,1"}

=== Escaneá este QR con WhatsApp ===

▄▄▄▄▄▄▄▄▄▄▄▄▄▄▄▄▄▄▄▄▄▄▄▄▄▄▄▄▄▄▄▄▄▄▄▄▄▄▄▄▄▄▄▄▄▄▄▄▄▄▄▄▄▄▄▄▄▄▄▄▄▄▄
█ ▄▄▄▄▄ █▄  ██▀██ █  █▀▀█▄   █▄ ▀▀██▀█▄██▄ ▄███▀█▀▀█  █ ▄▄▄▄▄ █
█ █   █ █  ▀█ ██▄▀ ▀▀▀▄█▀█▀██▀▄█ ▄█▄ ▀▀ ▀▄▀█▀▄██▀▀  ▄ █ █   █ █
█ █▄▄▄█ █▄████ █▀██▄█ ▀  ██ █ ▄▄▄ ▀▀█▀█ ▄▀▄▀▀▀ █▀   ▄██ █▄▄▄█ █
█▄▄▄▄▄▄▄█▄▀ █▄▀▄▀▄█▄▀ █ ▀ █▄█ █▄█ █▄█ ▀▄█▄█▄█▄█ ▀ ▀ █ █▄▄▄▄▄▄▄█
█▄▄▄▄▀▀▄▀ ▀▀█▄▀█▄▄▀▀ ▀▄  ▀█▄▄▄ ▄ ▄▀███ ▄ ▄ ▀▀▀▄█████▄▄▄▀▀  ▄▀▄█
█▀▄█▄█ ▄▄▄█▄█▀█  ▀ ██▀██▀▄▀█▄▀▄██▄  ▄██▀▄█▄ ███▀  ▀▀█ ▄▄▄█  ███
█ ▄▄██▀▄█▄▄ ▄█▄█ ▄  ▀ ▀███▄███▄▀██ ▄ ▀▀▄██▄▄ █▀▄▀ ▀ ▀█▄▄ █ ▄█▀█
█▀ ███ ▄▀▄▄ █  █▄█▄▀ ▀ ▀█▀▄███▀▄▀▀ ▀ ▄ █▀▀ ▄█ ███▄▀█▄ ▄ ███▄▀██
█▄██▀▄▀▄█▀▄▀▄ █▄▄▀▀█▄▄▄  ▀ ▄▄█▄▀▀█  ▀█▄▄ ▀ ▄▄▄  ▀█ ▄▀ ▀█ ▄█▀▄██
███ ▀▀█▄█▄▄  █ ▀███ █▀ ██▀█▄▀██▄ ▀ ▀▄ ▄   ▀▀▀██▄▀▀  ▀▀ ▄▀█ ▄▄ █
█ █▀  █▄ █▄▀ ██▀▄█▄▀ █▄▄  ▀▀▄▄ ▀▀▀█▀▄█▀█▀▄  ██▄█▀▀█▄▄██▀▀██▄███
█  █ ▀▀▄▀▀█▄▀█ ▀███ ▀▄██▄▀█▄▀  █▀▄▀▀ █▄ ▄ ▀█▀▀▄▀▄▀▄▀▄ ▀   ▀▀█▀█
██▀▄▄█▄▄██▄▄ ▄█▀▀█ █▄▀▀█▄▄▀▀▄▄▀▄█  █▄▄ ▀▀██▄▄█▀█    ▀█▄███▀   █
██▄█ ▀ ▄█   █▄   █████  ▄██▀█   █ ██  █▄▀  ▀█ █  █▀▄▄█▄ ▄ ▄█ ▀█
█ ███ ▄▄▄ ▀▄██▀   █▀▀█▀█▀▄▄ ▀ ▄▄▄  ▀ █ ▄▄▀▀██  ▀█▀▄▄▀ ▄▄▄ █████
█▀▀▄▀ █▄█ ▄█   ██▀█▄ █ █▀█▀▄▀ █▄█ ▀▀█ ▄▀█▀▄ ▀▄▄█  ▀ █ █▄█ ▀▄▄ █
█▀▀▀▀ ▄▄  ▀▄▄█ ██ ▄█▀▄█▄▄▀██  ▄▄  █▄▀▀█▄   ▀▄█ █▄▀ ▄▀▄ ▄ ▄▀▄▄ █
███ ▄▀ ▄▄▄▄▀ ▄█▀▀▄▀▄   ███▄ █  ███▄▀██▀█▄█ ████ ▀█▄█ ██▀▀█▄▀█▀█
█▀█▀▄█ ▄▀▀▄█▄██▄▀▄ ▄▄  ▀█▄██  █▄▀███▄ ▀  █ ▄ ▀▄█▄ ▀  ▀██▄ ▀▄▀ █
█▀▀▄▄▄█▄▄█ ██▄▄▀█▄▀▀ ████▀█ █▄▄█▀▄ ▄██ █ █▀▄▄▀▀█▄███ ▀▄▀█▄█▄▄██
█ ▄▀ ██▄▄▀███▄▄▀ ▀ ██ ▄▀ ▄ █▄█▀███  ████ ▀▀▄▄▄▄▀██▄█▀█▄▄ █   ██
█  ██▀▀▄█ ▀█▀    ▄█▀▀▄███ ▄▀▄▀█▀ ▀▀█▀▄▀█ ▀▀██▄▀▄█ ▀ █▀▄▄▄ ▀▄█▄█
█▄ ▄█▀ ▄█▀▀▀▀ ▀▀▄▄▄▀█▄▄▄ ▀▀▀▀█ ▀▀▀██▄▄  ▀ ▄▀▀██▄ ▀▄▄▀█ ██▄▀ █▀█
█▀▀ ▄▀▀▄█▀██▄▀▀▄  ▄▀▄▄▄▄ █▄██  ▀ ▄█▀▀ ▀▄ █▀▄▀ ▀▄ ▀▄█ ██▀ █▀ ▀██
██▄▀ ▀ ▄█▄ ▄▄▀████▄▄▄ █▄█ ▀█ ▀ ▄▄▀▀██▄▄ ▀█▀▄▄▀▀▄ ▄▀  ▄▄▄▀▀▄▄█ █
█▀▀ ▄ ▄▄▀▀██   █ ▄▄▀ ██ ▀▄  █▀▄▄ █▄ ▀▄█▄▄  ▄▀ █▀▄█▄▄▄▄▄█▄█▄▄▄▀█
█▄▄▄▄██▄█ ██▀█▄▀▀▀██▄▄ ▀▀▄█ █ ▄▄▄ ▀▄▄▀██▀█▀▄▀▄▄ ▀█▄█▀ ▄▄▄ ▄▀▄▄█
█ ▄▄▄▄▄ ██ ▀▄█▄▀█  ▀▄█▄ ▀█▀▀▀ █▄█ ▄█▀▄▀▄ ▀▄███▀ █▄▀ ▄ █▄█  █▄ █
█ █   █ █▀█▄█ ▄█▄█▄ ██▄▄█  █▀  ▄▄▄██▄██▄▄▄▀▀██ ▄▄█▀█▀  ▄  ▄▀█▀█
█ █▄▄▄█ █ ▄▄ █▄█▄ ▀▀ ▄ █▀▀▀▄ █▄▀  ▀▀ █ █▄▀ ▄▄▀▀▄██▄█▄▀▀▄▄▄▀▀▄██
█▄▄▄▄▄▄▄█▄▄█▄█▄▄█▄█▄████▄█▄█▄█▄▄▄█▄▄█▄▄███▄▄██▄▄▄▄▄█▄█▄▄▄█▄▄▄▄█

[34mdebug[39m:    [itop-bot:client] Exposing onAnyMessage function
[32minfo[39m:     [itop-bot:client] WhatsApp WEB version: 2.3000.1039097315
[32minfo[39m:     [itop-bot:client] WA-JS version: 4.1.0
[34mdebug[39m:    [itop-bot:client] Exposing onAck function
[32mhttp[39m:     [itop-bot:client] Checking is logged...
[32minfo[39m:     [itop-bot:client] Auto close configured to 60s
[32mhttp[39m:     [itop-bot:client] Waiting for QRCode Scan...
[wppconnect] Estado: notLogged
[34mdebug[39m:    [itop-bot:client] Exposing onMessageEdit function
[34mdebug[39m:    [itop-bot:client] Exposing onNotificationMessage function
[34mdebug[39m:    [itop-bot:client] Exposing onParticipantsChanged function
[34mdebug[39m:    [itop-bot:client] Exposing onStateChange function
[34mdebug[39m:    [itop-bot:client] Exposing onStreamChange function
[34mdebug[39m:    [itop-bot:client] Exposing onStreamModeChanged function
[34mdebug[39m:    [itop-bot:client] Exposing onStreamInfoChanged function
[34mdebug[39m:    [itop-bot:client] Exposing onIncomingCall function
[34mdebug[39m:    [itop-bot:client] Exposing onInterfaceChange function
[34mdebug[39m:    [itop-bot:client] Exposing onPresenceChanged function
[34mdebug[39m:    [itop-bot:client] Exposing onLiveLocation function
[34mdebug[39m:    [itop-bot:client] Exposing onBackendEvent function
[34mdebug[39m:    [itop-bot:client] Exposing onAddedToGroup function
[34mdebug[39m:    [itop-bot:client] Exposing onRevokedMessage function
[34mdebug[39m:    [itop-bot:client] Exposing onReactionMessage function
[34mdebug[39m:    [itop-bot:client] Exposing onPollResponse function
[34mdebug[39m:    [itop-bot:client] Exposing onUpdateLabel function
[34mdebug[39m:    [itop-bot:client] Exposing onOrderStatusUpdate function
[34mdebug[39m:    [itop-bot:client] Exposing onNewChat function
[34mdebug[39m:    [itop-bot:client] Emitting onInterfaceChange event (1 registered)
[32mhttp[39m:     [itop-bot:client] Current state: QR (CONNECTING)
[36mverbose[39m:  [itop-bot:client] wapi.js injected
[32mhttp[39m:     [itop-bot:client] Connected
[wppconnect] Estado: inChat
[32minfo[39m:     [itop-bot:client] WhatsApp WEB version: 2.3000.1039097315
[32minfo[39m:     [itop-bot:client] WA-JS version: 4.1.0
[32mhttp[39m:     [itop-bot:client] Checking QRCode status...
[32mhttp[39m:     [itop-bot:client] Login with success
[wppconnect] Estado: qrReadSuccess
[32minfo[39m:     [itop-bot:client] Auto close configured to 180s
[32mhttp[39m:     [itop-bot:client] Checking phone is connected...
[34mdebug[39m:    [itop-bot:client] Registering onStateChange event
[bot] Conectado. Esperando mensajes...
[34mdebug[39m:    [itop-bot:client] Registering onMessage event
[34mdebug[39m:    [itop-bot:client] Emitting onInterfaceChange event (1 registered)
[32mhttp[39m:     [itop-bot:client] Current state: SYNCING (CONNECTING)
[34mdebug[39m:    [itop-bot:client] Emitting onInterfaceChange event (1 registered)
[32mhttp[39m:     [itop-bot:client] Current state: SYNCING (CONNECTING)
[34mdebug[39m:    [itop-bot:client] Emitting onInterfaceChange event (1 registered)
[32mhttp[39m:     [itop-bot:client] Current state: SYNCING (CONNECTING)
[34mdebug[39m:    [itop-bot:client] Emitting onInterfaceChange event (1 registered)
[32mhttp[39m:     [itop-bot:client] Current state: SYNCING (CONNECTING)
[34mdebug[39m:    [itop-bot:client] Emitting onInterfaceChange event (1 registered)
[32mhttp[39m:     [itop-bot:client] Current state: MAIN (NORMAL)
[34mdebug[39m:    [itop-bot:client] Emitting onInterfaceChange event (1 registered)
[32mhttp[39m:     [itop-bot:client] Current state: MAIN (NORMAL)
[34mdebug[39m:    [itop-bot:client] Emitting onInterfaceChange event (1 registered)
[32mhttp[39m:     [itop-bot:client] Current state: MAIN (NORMAL)
[34mdebug[39m:    [itop-bot:client] Emitting onMessage event (1 registered)
[34mdebug[39m:    [itop-bot:client] Emitting onMessage event (1 registered)
[34mdebug[39m:    [itop-bot:client] Emitting onMessage event (1 registered)
[34mdebug[39m:    [itop-bot:client] Emitting onMessage event (1 registered)
[34mdebug[39m:    [itop-bot:client] Emitting onMessage event (1 registered)
[34mdebug[39m:    [itop-bot:client] Emitting onMessage event (1 registered)
[34mdebug[39m:    [itop-bot:client] Emitting onMessage event (1 registered)
[34mdebug[39m:    [itop-bot:client] Emitting onMessage event (1 registered)
[34mdebug[39m:    [itop-bot:client] Emitting onMessage event (1 registered)
[34mdebug[39m:    [itop-bot:client] Emitting onMessage event (1 registered)
[34mdebug[39m:    [itop-bot:client] Emitting onMessage event (1 registered)
[34mdebug[39m:    [itop-bot:client] Emitting onMessage event (1 registered)
[34mdebug[39m:    [itop-bot:client] Emitting onMessage event (1 registered)
[34mdebug[39m:    [itop-bot:client] Emitting onMessage event (1 registered)
[34mdebug[39m:    [itop-bot:client] Emitting onMessage event (1 registered)
[34mdebug[39m:    [itop-bot:client] Emitting onMessage event (1 registered)
[34mdebug[39m:    [itop-bot:client] Emitting onMessage event (1 registered)
[34mdebug[39m:    [itop-bot:client] Emitting onMessage event (1 registered)
[34mdebug[39m:    [itop-bot:client] Emitting onMessage event (1 registered)
[34mdebug[39m:    [itop-bot:client] Emitting onMessage event (1 registered)
[34mdebug[39m:    [itop-bot:client] Emitting onMessage event (1 registered)
[34mdebug[39m:    [itop-bot:client] Emitting onMessage event (1 registered)
[34mdebug[39m:    [itop-bot:client] Emitting onMessage event (1 registered)
[34mdebug[39m:    [itop-bot:client] Emitting onMessage event (1 registered)
[34mdebug[39m:    [itop-bot:client] Emitting onMessage event (1 registered)
[34mdebug[39m:    [itop-bot:client] Emitting onMessage event (1 registered)
[34mdebug[39m:    [itop-bot:client] Emitting onMessage event (1 registered)
[34mdebug[39m:    [itop-bot:client] Emitting onMessage event (1 registered)
[34mdebug[39m:    [itop-bot:client] Emitting onMessage event (1 registered)
[34mdebug[39m:    [itop-bot:client] Emitting onMessage event (1 registered)
[34mdebug[39m:    [itop-bot:client] Emitting onMessage event (1 registered)
[34mdebug[39m:    [itop-bot:client] Emitting onMessage event (1 registered)
[34mdebug[39m:    [itop-bot:client] Emitting onMessage event (1 registered)
[34mdebug[39m:    [itop-bot:client] Emitting onMessage event (1 registered)
[34mdebug[39m:    [itop-bot:client] Emitting onMessage event (1 registered)
[34mdebug[39m:    [itop-bot:client] Emitting onMessage event (1 registered)
[34mdebug[39m:    [itop-bot:client] Emitting onMessage event (1 registered)
[34mdebug[39m:    [itop-bot:client] Emitting onMessage event (1 registered)
[34mdebug[39m:    [itop-bot:client] Emitting onMessage event (1 registered)
[34mdebug[39m:    [itop-bot:client] Emitting onMessage event (1 registered)
[34mdebug[39m:    [itop-bot:client] Emitting onMessage event (1 registered)
[34mdebug[39m:    [itop-bot:client] Emitting onMessage event (1 registered)
[34mdebug[39m:    [itop-bot:client] Emitting onMessage event (1 registered)
[34mdebug[39m:    [itop-bot:client] Emitting onMessage event (1 registered)
[34mdebug[39m:    [itop-bot:client] Emitting onMessage event (1 registered)
[34mdebug[39m:    [itop-bot:client] Emitting onMessage event (1 registered)
[34mdebug[39m:    [itop-bot:client] Emitting onMessage event (1 registered)
[34mdebug[39m:    [itop-bot:client] Emitting onMessage event (1 registered)
[34mdebug[39m:    [itop-bot:client] Emitting onMessage event (1 registered)
[34mdebug[39m:    [itop-bot:client] Emitting onMessage event (1 registered)
[34mdebug[39m:    [itop-bot:client] Emitting onMessage event (1 registered)
[34mdebug[39m:    [itop-bot:client] Emitting onMessage event (1 registered)
[34mdebug[39m:    [itop-bot:client] Emitting onMessage event (1 registered)
[34mdebug[39m:    [itop-bot:client] Emitting onMessage event (1 registered)
[34mdebug[39m:    [itop-bot:client] Emitting onMessage event (1 registered)
[34mdebug[39m:    [itop-bot:client] Emitting onMessage event (1 registered)
[34mdebug[39m:    [itop-bot:client] Emitting onMessage event (1 registered)
[34mdebug[39m:    [itop-bot:client] Emitting onMessage event (1 registered)
[34mdebug[39m:    [itop-bot:client] Emitting onMessage event (1 registered)
[34mdebug[39m:    [itop-bot:client] Emitting onMessage event (1 registered)
[34mdebug[39m:    [itop-bot:client] Emitting onMessage event (1 registered)
[34mdebug[39m:    [itop-bot:client] Emitting onMessage event (1 registered)
[34mdebug[39m:    [itop-bot:client] Emitting onMessage event (1 registered)
[34mdebug[39m:    [itop-bot:client] Emitting onMessage event (1 registered)
[34mdebug[39m:    [itop-bot:client] Emitting onMessage event (1 registered)
[34mdebug[39m:    [itop-bot:client] Emitting onMessage event (1 registered)
[34mdebug[39m:    [itop-bot:client] Emitting onMessage event (1 registered)
[34mdebug[39m:    [itop-bot:client] Emitting onMessage event (1 registered)
[34mdebug[39m:    [itop-bot:client] Emitting onMessage event (1 registered)
[34mdebug[39m:    [itop-bot:client] Emitting onMessage event (1 registered)
[34mdebug[39m:    [itop-bot:client] Emitting onMessage event (1 registered)
[34mdebug[39m:    [itop-bot:client] Emitting onMessage event (1 registered)
[34mdebug[39m:    [itop-bot:client] Emitting onMessage event (1 registered)
[34mdebug[39m:    [itop-bot:client] Emitting onMessage event (1 registered)
[34mdebug[39m:    [itop-bot:client] Emitting onMessage event (1 registered)
[34mdebug[39m:    [itop-bot:client] Emitting onMessage event (1 registered)
[34mdebug[39m:    [itop-bot:client] Emitting onMessage event (1 registered)
[34mdebug[39m:    [itop-bot:client] Emitting onMessage event (1 registered)
[34mdebug[39m:    [itop-bot:client] Emitting onMessage event (1 registered)
[34mdebug[39m:    [itop-bot:client] Emitting onMessage event (1 registered)
[34mdebug[39m:    [itop-bot:client] Emitting onMessage event (1 registered)
[34mdebug[39m:    [itop-bot:client] Emitting onMessage event (1 registered)
[34mdebug[39m:    [itop-bot:client] Emitting onMessage event (1 registered)
[34mdebug[39m:    [itop-bot:client] Emitting onMessage event (1 registered)
[34mdebug[39m:    [itop-bot:client] Emitting onMessage event (1 registered)
[34mdebug[39m:    [itop-bot:client] Emitting onMessage event (1 registered)
[34mdebug[39m:    [itop-bot:client] Emitting onMessage event (1 registered)
[34mdebug[39m:    [itop-bot:client] Emitting onMessage event (1 registered)
[34mdebug[39m:    [itop-bot:client] Emitting onMessage event (1 registered)
[34mdebug[39m:    [itop-bot:client] Emitting onMessage event (1 registered)
[34mdebug[39m:    [itop-bot:client] Emitting onMessage event (1 registered)
[34mdebug[39m:    [itop-bot:client] Emitting onMessage event (1 registered)
[34mdebug[39m:    [itop-bot:client] Emitting onMessage event (1 registered)
[34mdebug[39m:    [itop-bot:client] Emitting onMessage event (1 registered)
[34mdebug[39m:    [itop-bot:client] Emitting onMessage event (1 registered)
[34mdebug[39m:    [itop-bot:client] Emitting onMessage event (1 registered)
[34mdebug[39m:    [itop-bot:client] Emitting onMessage event (1 registered)
[34mdebug[39m:    [itop-bot:client] Emitting onMessage event (1 registered)
[34mdebug[39m:    [itop-bot:client] Emitting onMessage event (1 registered)
[34mdebug[39m:    [itop-bot:client] Emitting onMessage event (1 registered)
[34mdebug[39m:    [itop-bot:client] Emitting onMessage event (1 registered)
[34mdebug[39m:    [itop-bot:client] Emitting onMessage event (1 registered)
[34mdebug[39m:    [itop-bot:client] Emitting onMessage event (1 registered)
[34mdebug[39m:    [itop-bot:client] Emitting onMessage event (1 registered)
[34mdebug[39m:    [itop-bot:client] Emitting onMessage event (1 registered)
[34mdebug[39m:    [itop-bot:client] Emitting onMessage event (1 registered)
[34mdebug[39m:    [itop-bot:client] Emitting onMessage event (1 registered)
[34mdebug[39m:    [itop-bot:client] Emitting onMessage event (1 registered)
[34mdebug[39m:    [itop-bot:client] Emitting onMessage event (1 registered)
[34mdebug[39m:    [itop-bot:client] Emitting onMessage event (1 registered)
[34mdebug[39m:    [itop-bot:client] Emitting onMessage event (1 registered)
[34mdebug[39m:    [itop-bot:client] Emitting onMessage event (1 registered)
[34mdebug[39m:    [itop-bot:client] Emitting onMessage event (1 registered)
[34mdebug[39m:    [itop-bot:client] Emitting onMessage event (1 registered)
[34mdebug[39m:    [itop-bot:client] Emitting onMessage event (1 registered)
[34mdebug[39m:    [itop-bot:client] Emitting onMessage event (1 registered)
[34mdebug[39m:    [itop-bot:client] Emitting onMessage event (1 registered)
[34mdebug[39m:    [itop-bot:client] Emitting onMessage event (1 registered)
[34mdebug[39m:    [itop-bot:client] Emitting onMessage event (1 registered)
[34mdebug[39m:    [itop-bot:client] Emitting onMessage event (1 registered)
[34mdebug[39m:    [itop-bot:client] Emitting onMessage event (1 registered)
[34mdebug[39m:    [itop-bot:client] Emitting onMessage event (1 registered)
[34mdebug[39m:    [itop-bot:client] Emitting onMessage event (1 registered)
[34mdebug[39m:    [itop-bot:client] Emitting onMessage event (1 registered)
[34mdebug[39m:    [itop-bot:client] Emitting onMessage event (1 registered)
[34mdebug[39m:    [itop-bot:client] Emitting onMessage event (1 registered)
[34mdebug[39m:    [itop-bot:client] Emitting onMessage event (1 registered)
[34mdebug[39m:    [itop-bot:client] Emitting onMessage event (1 registered)
[34mdebug[39m:    [itop-bot:client] Emitting onMessage event (1 registered)
[34mdebug[39m:    [itop-bot:client] Emitting onMessage event (1 registered)
[34mdebug[39m:    [itop-bot:client] Emitting onMessage event (1 registered)
[34mdebug[39m:    [itop-bot:client] Emitting onMessage event (1 registered)
[34mdebug[39m:    [itop-bot:client] Emitting onMessage event (1 registered)
[34mdebug[39m:    [itop-bot:client] Emitting onMessage event (1 registered)
[34mdebug[39m:    [itop-bot:client] Emitting onMessage event (1 registered)
[34mdebug[39m:    [itop-bot:client] Emitting onMessage event (1 registered)
[34mdebug[39m:    [itop-bot:client] Emitting onMessage event (1 registered)
[34mdebug[39m:    [itop-bot:client] Emitting onMessage event (1 registered)
[34mdebug[39m:    [itop-bot:client] Emitting onMessage event (1 registered)
[34mdebug[39m:    [itop-bot:client] Emitting onMessage event (1 registered)
[34mdebug[39m:    [itop-bot:client] Emitting onMessage event (1 registered)
[34mdebug[39m:    [itop-bot:client] Emitting onMessage event (1 registered)
[34mdebug[39m:    [itop-bot:client] Emitting onMessage event (1 registered)
[34mdebug[39m:    [itop-bot:client] Emitting onMessage event (1 registered)
[34mdebug[39m:    [itop-bot:client] Emitting onMessage event (1 registered)
[34mdebug[39m:    [itop-bot:client] Emitting onMessage event (1 registered)
[34mdebug[39m:    [itop-bot:client] Emitting onMessage event (1 registered)
[34mdebug[39m:    [itop-bot:client] Emitting onMessage event (1 registered)
[34mdebug[39m:    [itop-bot:client] Emitting onMessage event (1 registered)
[34mdebug[39m:    [itop-bot:client] Emitting onMessage event (1 registered)
[34mdebug[39m:    [itop-bot:client] Emitting onMessage event (1 registered)
[34mdebug[39m:    [itop-bot:client] Emitting onMessage event (1 registered)
[34mdebug[39m:    [itop-bot:client] Emitting onMessage event (1 registered)
[34mdebug[39m:    [itop-bot:client] Emitting onMessage event (1 registered)
[34mdebug[39m:    [itop-bot:client] Emitting onMessage event (1 registered)
[34mdebug[39m:    [itop-bot:client] Emitting onMessage event (1 registered)
[34mdebug[39m:    [itop-bot:client] Emitting onMessage event (1 registered)
[34mdebug[39m:    [itop-bot:client] Emitting onMessage event (1 registered)
[34mdebug[39m:    [itop-bot:client] Emitting onMessage event (1 registered)
[34mdebug[39m:    [itop-bot:client] Emitting onMessage event (1 registered)
[34mdebug[39m:    [itop-bot:client] Emitting onMessage event (1 registered)
[34mdebug[39m:    [itop-bot:client] Emitting onMessage event (1 registered)
[34mdebug[39m:    [itop-bot:client] Emitting onMessage event (1 registered)
[34mdebug[39m:    [itop-bot:client] Emitting onMessage event (1 registered)
[34mdebug[39m:    [itop-bot:client] Emitting onMessage event (1 registered)
[34mdebug[39m:    [itop-bot:client] Emitting onMessage event (1 registered)
[34mdebug[39m:    [itop-bot:client] Emitting onMessage event (1 registered)
[34mdebug[39m:    [itop-bot:client] Emitting onMessage event (1 registered)
[34mdebug[39m:    [itop-bot:client] Emitting onMessage event (1 registered)
[34mdebug[39m:    [itop-bot:client] Emitting onMessage event (1 registered)
[34mdebug[39m:    [itop-bot:client] Emitting onMessage event (1 registered)
[34mdebug[39m:    [itop-bot:client] Emitting onMessage event (1 registered)
[34mdebug[39m:    [itop-bot:client] Emitting onMessage event (1 registered)
[34mdebug[39m:    [itop-bot:client] Emitting onMessage event (1 registered)
[34mdebug[39m:    [itop-bot:client] Emitting onMessage event (1 registered)
[34mdebug[39m:    [itop-bot:client] Emitting onMessage event (1 registered)
[34mdebug[39m:    [itop-bot:client] Emitting onMessage event (1 registered)
[34mdebug[39m:    [itop-bot:client] Emitting onMessage event (1 registered)
[34mdebug[39m:    [itop-bot:client] Emitting onMessage event (1 registered)
[34mdebug[39m:    [itop-bot:client] Emitting onMessage event (1 registered)
[34mdebug[39m:    [itop-bot:client] Emitting onMessage event (1 registered)
[34mdebug[39m:    [itop-bot:client] Emitting onMessage event (1 registered)
[34mdebug[39m:    [itop-bot:client] Emitting onMessage event (1 registered)
[34mdebug[39m:    [itop-bot:client] Emitting onMessage event (1 registered)
[34mdebug[39m:    [itop-bot:client] Emitting onMessage event (1 registered)
[34mdebug[39m:    [itop-bot:client] Emitting onMessage event (1 registered)
[34mdebug[39m:    [itop-bot:client] Emitting onMessage event (1 registered)
[34mdebug[39m:    [itop-bot:client] Emitting onMessage event (1 registered)
[34mdebug[39m:    [itop-bot:client] Emitting onMessage event (1 registered)
[34mdebug[39m:    [itop-bot:client] Emitting onMessage event (1 registered)
[34mdebug[39m:    [itop-bot:client] Emitting onMessage event (1 registered)
[34mdebug[39m:    [itop-bot:client] Emitting onMessage event (1 registered)
[34mdebug[39m:    [itop-bot:client] Emitting onMessage event (1 registered)
[34mdebug[39m:    [itop-bot:client] Emitting onMessage event (1 registered)
[34mdebug[39m:    [itop-bot:client] Emitting onMessage event (1 registered)
[34mdebug[39m:    [itop-bot:client] Emitting onMessage event (1 registered)
[34mdebug[39m:    [itop-bot:client] Emitting onMessage event (1 registered)
[34mdebug[39m:    [itop-bot:client] Emitting onMessage event (1 registered)
[34mdebug[39m:    [itop-bot:client] Emitting onMessage event (1 registered)
[34mdebug[39m:    [itop-bot:client] Emitting onMessage event (1 registered)
[34mdebug[39m:    [itop-bot:client] Emitting onMessage event (1 registered)
[34mdebug[39m:    [itop-bot:client] Emitting onMessage event (1 registered)
[34mdebug[39m:    [itop-bot:client] Emitting onMessage event (1 registered)
[34mdebug[39m:    [itop-bot:client] Emitting onMessage event (1 registered)
[34mdebug[39m:    [itop-bot:client] Emitting onMessage event (1 registered)
[34mdebug[39m:    [itop-bot:client] Emitting onMessage event (1 registered)
[34mdebug[39m:    [itop-bot:client] Emitting onMessage event (1 registered)
[34mdebug[39m:    [itop-bot:client] Emitting onMessage event (1 registered)
[34mdebug[39m:    [itop-bot:client] Emitting onMessage event (1 registered)
[34mdebug[39m:    [itop-bot:client] Emitting onMessage event (1 registered)
[34mdebug[39m:    [itop-bot:client] Emitting onMessage event (1 registered)
[34mdebug[39m:    [itop-bot:client] Emitting onMessage event (1 registered)
[34mdebug[39m:    [itop-bot:client] Emitting onMessage event (1 registered)
[34mdebug[39m:    [itop-bot:client] Emitting onMessage event (1 registered)
[34mdebug[39m:    [itop-bot:client] Emitting onMessage event (1 registered)
[34mdebug[39m:    [itop-bot:client] Emitting onMessage event (1 registered)
[34mdebug[39m:    [itop-bot:client] Emitting onMessage event (1 registered)
[34mdebug[39m:    [itop-bot:client] Emitting onMessage event (1 registered)
[34mdebug[39m:    [itop-bot:client] Emitting onMessage event (1 registered)
[34mdebug[39m:    [itop-bot:client] Emitting onMessage event (1 registered)
[34mdebug[39m:    [itop-bot:client] Emitting onMessage event (1 registered)
[34mdebug[39m:    [itop-bot:client] Emitting onMessage event (1 registered)
[34mdebug[39m:    [itop-bot:client] Emitting onMessage event (1 registered)
[34mdebug[39m:    [itop-bot:client] Emitting onMessage event (1 registered)
[34mdebug[39m:    [itop-bot:client] Emitting onMessage event (1 registered)
[34mdebug[39m:    [itop-bot:client] Emitting onMessage event (1 registered)
[34mdebug[39m:    [itop-bot:client] Emitting onMessage event (1 registered)
[34mdebug[39m:    [itop-bot:client] Emitting onMessage event (1 registered)
[34mdebug[39m:    [itop-bot:client] Emitting onMessage event (1 registered)
[34mdebug[39m:    [itop-bot:client] Emitting onMessage event (1 registered)
[34mdebug[39m:    [itop-bot:client] Emitting onMessage event (1 registered)
